<?xml version="1.0" encoding="UTF-8"?>
<testng-results ignored="0" total="2" passed="2" failed="0" skipped="0">
  <reporter-output>
    <line>
      <![CDATA[setting Browser Aschrome]]>
    </line>
    <line>
      <![CDATA[closing browser]]>
    </line>
    <line>
      <![CDATA[setting Browser Aschrome]]>
    </line>
    <line>
      <![CDATA[closing browser]]>
    </line>
  </reporter-output>
  <suite started-at="2025-11-16T18:34:15 IST" name="Default suite" finished-at="2025-11-16T18:34:57 IST" duration-ms="41789">
    <groups>
      <group name="cucumber">
        <method signature="AbstractTestNGCucumberTests.runScenario(io.cucumber.testng.PickleWrapper,io.cucumber.testng.FeatureWrapper)[pri:0, instance:coverFoxRunner.Runner@58a9760d]" name="runScenario" class="io.cucumber.testng.AbstractTestNGCucumberTests"/>
      </group> <!-- cucumber -->
    </groups>
    <test started-at="2025-11-16T18:34:15 IST" name="Default test" finished-at="2025-11-16T18:34:57 IST" duration-ms="41789">
      <class name="coverFoxRunner.Runner">
        <test-method is-config="true" signature="setUpClass(org.testng.ITestContext)[pri:0, instance:coverFoxRunner.Runner@58a9760d]" started-at="2025-11-16T18:34:15 IST" name="setUpClass" finished-at="2025-11-16T18:34:16 IST" duration-ms="627" status="PASS">
          <params>
            <param index="0">
              <value>
                <![CDATA[org.testng.TestRunner@732f6050]]>
              </value>
            </param>
          </params>
          <reporter-output>
          </reporter-output>
        </test-method> <!-- setUpClass -->
        <test-method signature="runScenario(io.cucumber.testng.PickleWrapper,io.cucumber.testng.FeatureWrapper)[pri:0, instance:coverFoxRunner.Runner@58a9760d]" started-at="2025-11-16T18:34:16 IST" name="runScenario" description="Runs Cucumber Scenarios" data-provider="scenarios" finished-at="2025-11-16T18:34:40 IST" duration-ms="24499" status="PASS">
          <params>
            <param index="0">
              <value>
                <![CDATA["validate CoverFox Health Insurance plan for single person"]]>
              </value>
            </param>
            <param index="1">
              <value>
                <![CDATA["CoverFox Health Insurance test"]]>
              </value>
            </param>
          </params>
          <reporter-output>
            <line>
              <![CDATA[setting Browser Aschrome]]>
            </line>
            <line>
              <![CDATA[closing browser]]>
            </line>
          </reporter-output>
        </test-method> <!-- runScenario -->
        <test-method signature="runScenario(io.cucumber.testng.PickleWrapper,io.cucumber.testng.FeatureWrapper)[pri:0, instance:coverFoxRunner.Runner@58a9760d]" started-at="2025-11-16T18:34:40 IST" name="runScenario" description="Runs Cucumber Scenarios" data-provider="scenarios" finished-at="2025-11-16T18:34:55 IST" duration-ms="14440" status="PASS">
          <params>
            <param index="0">
              <value>
                <![CDATA["Validate coverfox health insurance pincode and mobile number error msg"]]>
              </value>
            </param>
            <param index="1">
              <value>
                <![CDATA["CoverFox Health Insurance test"]]>
              </value>
            </param>
          </params>
          <reporter-output>
            <line>
              <![CDATA[setting Browser Aschrome]]>
            </line>
            <line>
              <![CDATA[closing browser]]>
            </line>
          </reporter-output>
        </test-method> <!-- runScenario -->
        <test-method is-config="true" signature="tearDownClass()[pri:0, instance:coverFoxRunner.Runner@58a9760d]" started-at="2025-11-16T18:34:55 IST" name="tearDownClass" finished-at="2025-11-16T18:34:57 IST" duration-ms="2153" status="PASS">
          <reporter-output>
          </reporter-output>
        </test-method> <!-- tearDownClass -->
      </class> <!-- coverFoxRunner.Runner -->
    </test> <!-- Default test -->
  </suite> <!-- Default suite -->
</testng-results>
