<?xml version="1.0" encoding="UTF-8"?>
<!-- Generated by org.testng.reporters.JUnitReportReporter -->
<testsuite hostname="LAPTOP-LJ6M47SE" failures="0" tests="2" name="coverFoxRunner.Runner" time="61.892" errors="0" timestamp="2025-11-13T23:40:48 IST" skipped="0">
  <testcase classname="coverFoxRunner.Runner" name="runScenario" time="15.307">
    <system-out>
      <![CDATA[setting Browser Aschrome
closing browser]]>
    </system-out>
  </testcase> <!-- runScenario -->
  <testcase classname="coverFoxRunner.Runner" name="runScenario" time="46.585">
    <system-out>
      <![CDATA[setting Browser Aschrome
closing browser]]>
    </system-out>
  </testcase> <!-- runScenario -->
  <system-out>
    <![CDATA[setting Browser Aschrome
closing browser
setting Browser Aschrome
closing browser]]>
  </system-out>
</testsuite> <!-- coverFoxRunner.Runner -->
